     1                                  bits 32 ; assembling for the 32 bits architecture
     2                                  
     3                                  ; declare the EntryPoint (a label defining the very first instruction of the program)
     4                                  global start        
     5                                  
     6                                  ; declare external functions needed by our program
     7                                  extern exit               ; tell nasm that exit exists even if we won't be defining it
     8                                  import exit msvcrt.dll    ; exit is a function that ends the calling process. It is defined in msvcrt.dll
     9                                                            ; msvcrt.dll contains exit, printf and all the other important C-runtime specific functions
    10                                  
    11                                  ; our data is declared here (the variables needed by our program)
    12                                  segment data use32 class=data
    13                                      ; ...
    14                                  
    15                                  ; our code starts here
    16                                  segment code use32 class=code
    17                                      start:
    18 00000000 B822110000                      mov eax, 0x1122
    19 00000005 BA44330000                      mov edx, 0x3344
    20 0000000A 6650                            push ax
    21 0000000C 6652                            push dx
    22                                          
    23 0000000E 58                              pop eax
    24                                      
    25                                          ; exit(0)
    26 0000000F 6A00                            push    dword 0      ; push the parameter for exit onto the stack
    27 00000011 FF15[00000000]                  call    [exit]       ; call exit to terminate the program
