     1                                  bits 32 ; assembling for the 32 bits architecture
     2                                  
     3                                  ; declare the EntryPoint (a label defining the very first instruction of the program)
     4                                  global start        
     5                                  
     6                                  ; declare external functions needed by our program
     7                                  extern exit               ; tell nasm that exit exists even if we won't be defining it
     8                                  import exit msvcrt.dll    ; exit is a function that ends the calling process. It is defined in msvcrt.dll
     9                                                            ; msvcrt.dll contains exit, printf and all the other important C-runtime specific functions
    10                                  
    11                                  ; our data is declared here (the variables needed by our program)
    12                                  segment data use32 class=data
    13 00000000 <res 00000002>              a resw 1
    14                                      
    15                                  ; our code starts here
    16                                  segment code use32 class=code
    17                                      start:
    18 00000000 66B80001                        mov AX, 256 ; 256/1 does not fit on AL, so divide it on AX, so DX:AX / BX, BX=1
    19 00000004 66BB0100                        mov BX, 1
    20 00000008 66BA0000                        mov DX, 0 ; DX:AX = 256, 256 is only in AX (lower bits)
    21 0000000C 66F7F3                          DIV BX ; result in AX, remainder in DX
    22 0000000F 66A3[00000000]                  mov [a], ax
    23                                      
    24                                          ; exit(0)
    25 00000015 6A00                            push    dword 0      ; push the parameter for exit onto the stack
    26 00000017 FF15[00000000]                  call    [exit]       ; call exit to terminate the program
